<?xml version="1.0" encoding="UTF-8"?>
<testng-results ignored="0" total="1" passed="1" failed="0" skipped="0">
  <reporter-output>
    <line>
      <![CDATA[database is connected]]>
    </line>
    <line>
      <![CDATA[Browser Launched]]>
    </line>
    <line>
      <![CDATA[Logged in successfully]]>
    </line>
    <line>
      <![CDATA[Logged out Successfully]]>
    </line>
    <line>
      <![CDATA[Browser closed]]>
    </line>
    <line>
      <![CDATA[database is Disconnected]]>
    </line>
  </reporter-output>
  <suite started-at="2023-05-11T10:56:10 IST" name="Default suite" finished-at="2023-05-11T10:56:51 IST" duration-ms="41324">
    <groups>
    </groups>
    <test started-at="2023-05-11T10:56:10 IST" name="Default test" finished-at="2023-05-11T10:56:51 IST" duration-ms="41324">
      <class name="com.Actitime.TestScripts.Task">
        <test-method is-config="true" signature="databaseConnection()[pri:0, instance:com.Actitime.TestScripts.Task@35aea049]" started-at="2023-05-11T10:56:10 IST" name="databaseConnection" finished-at="2023-05-11T10:56:10 IST" duration-ms="8" status="PASS">
          <reporter-output>
            <line>
              <![CDATA[database is connected]]>
            </line>
          </reporter-output>
        </test-method> <!-- databaseConnection -->
        <test-method is-config="true" signature="launchBrowser()[pri:0, instance:com.Actitime.TestScripts.Task@35aea049]" started-at="2023-05-11T10:56:10 IST" name="launchBrowser" finished-at="2023-05-11T10:56:29 IST" duration-ms="18983" status="PASS">
          <reporter-output>
            <line>
              <![CDATA[Browser Launched]]>
            </line>
          </reporter-output>
        </test-method> <!-- launchBrowser -->
        <test-method is-config="true" signature="login()[pri:0, instance:com.Actitime.TestScripts.Task@35aea049]" started-at="2023-05-11T10:56:29 IST" name="login" finished-at="2023-05-11T10:56:30 IST" duration-ms="422" status="PASS">
          <reporter-output>
            <line>
              <![CDATA[Logged in successfully]]>
            </line>
          </reporter-output>
        </test-method> <!-- login -->
        <test-method signature="createCustomer()[pri:0, instance:com.Actitime.TestScripts.Task@35aea049]" started-at="2023-05-11T10:56:30 IST" name="createCustomer" finished-at="2023-05-11T10:56:48 IST" duration-ms="18640" status="PASS">
          <reporter-output>
          </reporter-output>
        </test-method> <!-- createCustomer -->
        <test-method is-config="true" signature="logout()[pri:0, instance:com.Actitime.TestScripts.Task@35aea049]" started-at="2023-05-11T10:56:48 IST" name="logout" finished-at="2023-05-11T10:56:51 IST" duration-ms="2923" status="PASS">
          <reporter-output>
            <line>
              <![CDATA[Logged out Successfully]]>
            </line>
          </reporter-output>
        </test-method> <!-- logout -->
        <test-method is-config="true" signature="closeBrowser()[pri:0, instance:com.Actitime.TestScripts.Task@35aea049]" started-at="2023-05-11T10:56:51 IST" name="closeBrowser" finished-at="2023-05-11T10:56:51 IST" duration-ms="305" status="PASS">
          <reporter-output>
            <line>
              <![CDATA[Browser closed]]>
            </line>
          </reporter-output>
        </test-method> <!-- closeBrowser -->
        <test-method is-config="true" signature="databaseDisconnection()[pri:0, instance:com.Actitime.TestScripts.Task@35aea049]" started-at="2023-05-11T10:56:52 IST" name="databaseDisconnection" finished-at="2023-05-11T10:56:52 IST" duration-ms="1" status="PASS">
          <reporter-output>
            <line>
              <![CDATA[database is Disconnected]]>
            </line>
          </reporter-output>
        </test-method> <!-- databaseDisconnection -->
      </class> <!-- com.Actitime.TestScripts.Task -->
    </test> <!-- Default test -->
  </suite> <!-- Default suite -->
</testng-results>
